<?xml version="1.0" encoding="UTF-8"?>
<testng-results ignored="2" total="3" passed="0" failed="1" skipped="0">
  <reporter-output>
  </reporter-output>
  <suite started-at="2023-07-20T22:04:28 IST" name="Default suite" finished-at="2023-07-20T22:05:30 IST" duration-ms="62053">
    <groups>
    </groups>
    <test started-at="2023-07-20T22:04:28 IST" name="Default test" finished-at="2023-07-20T22:05:30 IST" duration-ms="62053">
      <class name="testcases.ClientStorageTest">
        <test-method is-config="true" signature="setUp()[pri:0, instance:testcases.ClientStorageTest@50b472aa]" started-at="2023-07-20T22:04:28 IST" name="setUp" finished-at="2023-07-20T22:04:37 IST" duration-ms="8374" status="PASS">
          <reporter-output>
          </reporter-output>
        </test-method> <!-- setUp -->
        <test-method is-config="true" signature="beforeMethod(java.lang.reflect.Method)[pri:0, instance:testcases.ClientStorageTest@50b472aa]" started-at="2023-07-20T22:04:37 IST" name="beforeMethod" finished-at="2023-07-20T22:04:37 IST" duration-ms="153" status="PASS">
          <params>
            <param index="0">
              <value>
                <![CDATA[public void testcases.ClientStorageTest.verifyStorageCounts()]]>
              </value>
            </param>
          </params>
          <reporter-output>
          </reporter-output>
        </test-method> <!-- beforeMethod -->
        <test-method signature="verifyStorageCounts()[pri:1, instance:testcases.ClientStorageTest@50b472aa]" started-at="2023-07-20T22:04:37 IST" name="verifyStorageCounts" finished-at="2023-07-20T22:05:30 IST" duration-ms="52827" status="FAIL">
          <exception class="java.lang.AssertionError">
            <message>
              <![CDATA[Expand and Collpase -  element not present]]>
            </message>
            <full-stacktrace>
              <![CDATA[java.lang.AssertionError: Expand and Collpase -  element not present
at org.testng.Assert.fail(Assert.java:99)
at utils.WebBasePage.click(WebBasePage.java:102)
at pageobjects.ClientStoragePage.expandAndCollapse(ClientStoragePage.java:88)
at Action.ClientStorageAction.navigateToClientStoragePageAndExpand(ClientStorageAction.java:27)
at testcases.ClientStorageTest.verifyStorageCounts(ClientStorageTest.java:26)
at java.base/jdk.internal.reflect.NativeMethodAccessorImpl.invoke0(Native Method)
at java.base/jdk.internal.reflect.NativeMethodAccessorImpl.invoke(NativeMethodAccessorImpl.java:77)
at java.base/jdk.internal.reflect.DelegatingMethodAccessorImpl.invoke(DelegatingMethodAccessorImpl.java:43)
at java.base/java.lang.reflect.Method.invoke(Method.java:568)
at org.testng.internal.MethodInvocationHelper.invokeMethod(MethodInvocationHelper.java:133)
at org.testng.internal.TestInvoker.invokeMethod(TestInvoker.java:598)
at org.testng.internal.TestInvoker.invokeTestMethod(TestInvoker.java:173)
at org.testng.internal.MethodRunner.runInSequence(MethodRunner.java:46)
at org.testng.internal.TestInvoker$MethodInvocationAgent.invoke(TestInvoker.java:824)
at org.testng.internal.TestInvoker.invokeTestMethods(TestInvoker.java:146)
at org.testng.internal.TestMethodWorker.invokeTestMethods(TestMethodWorker.java:146)
at org.testng.internal.TestMethodWorker.run(TestMethodWorker.java:128)
at java.base/java.util.ArrayList.forEach(ArrayList.java:1511)
at org.testng.TestRunner.privateRun(TestRunner.java:794)
at org.testng.TestRunner.run(TestRunner.java:596)
at org.testng.SuiteRunner.runTest(SuiteRunner.java:377)
at org.testng.SuiteRunner.runSequentially(SuiteRunner.java:371)
at org.testng.SuiteRunner.privateRun(SuiteRunner.java:332)
at org.testng.SuiteRunner.run(SuiteRunner.java:276)
at org.testng.SuiteRunnerWorker.runSuite(SuiteRunnerWorker.java:53)
at org.testng.SuiteRunnerWorker.run(SuiteRunnerWorker.java:96)
at org.testng.TestNG.runSuitesSequentially(TestNG.java:1212)
at org.testng.TestNG.runSuitesLocally(TestNG.java:1134)
at org.testng.TestNG.runSuites(TestNG.java:1063)
at org.testng.TestNG.run(TestNG.java:1031)
at org.testng.remote.AbstractRemoteTestNG.run(AbstractRemoteTestNG.java:115)
at org.testng.remote.RemoteTestNG.initAndRun(RemoteTestNG.java:251)
at org.testng.remote.RemoteTestNG.main(RemoteTestNG.java:77)
]]>
            </full-stacktrace>
          </exception> <!-- java.lang.AssertionError -->
          <reporter-output>
          </reporter-output>
        </test-method> <!-- verifyStorageCounts -->
        <test-method is-config="true" signature="reportWrapUp(org.testng.ITestResult,java.lang.reflect.Method)[pri:0, instance:testcases.ClientStorageTest@50b472aa]" started-at="2023-07-20T22:05:30 IST" name="reportWrapUp" finished-at="2023-07-20T22:05:30 IST" duration-ms="272" status="PASS">
          <params>
            <param index="0">
              <value>
                <![CDATA[[TestResult name=verifyStorageCounts status=FAILURE method=ClientStorageTest.verifyStorageCounts()[pri:1, instance:testcases.ClientStorageTest@50b472aa] output={null}]]]>
              </value>
            </param>
            <param index="1">
              <value>
                <![CDATA[public void testcases.ClientStorageTest.verifyStorageCounts()]]>
              </value>
            </param>
          </params>
          <reporter-output>
          </reporter-output>
        </test-method> <!-- reportWrapUp -->
        <test-method is-config="true" signature="closeBrowser()[pri:0, instance:testcases.ClientStorageTest@50b472aa]" started-at="2023-07-20T22:05:30 IST" name="closeBrowser" finished-at="2023-07-20T22:05:30 IST" duration-ms="374" status="PASS">
          <reporter-output>
          </reporter-output>
        </test-method> <!-- closeBrowser -->
        <test-method is-config="true" signature="close()[pri:0, instance:testcases.ClientStorageTest@50b472aa]" started-at="2023-07-20T22:05:30 IST" name="close" finished-at="2023-07-20T22:05:31 IST" duration-ms="373" status="PASS">
          <reporter-output>
          </reporter-output>
        </test-method> <!-- close -->
      </class> <!-- testcases.ClientStorageTest -->
    </test> <!-- Default test -->
  </suite> <!-- Default suite -->
</testng-results>
